=== update 2026-06-29T15:00:01Z ===
  [API] remaining=479 cost=1
  [API] remaining=478 cost=1
odds_market.json: 16 fixtures · results.json: 1 decided · changed=True
wrote /home/janne/wc2026-bracket/bracket_data.json and /home/janne/wc2026-bracket/bracket_data.js — 32 teams, 16 R32 matches
top Elo: France 2058, Spain 2058, Argentina 2051, Portugal 2009, Brazil 1998, England 1992
published update
=== update 2026-06-29T18:00:01Z ===
  [API] remaining=477 cost=1
  [API] remaining=476 cost=1
odds_market.json: 16 fixtures · results.json: 1 decided · changed=True
wrote /home/janne/wc2026-bracket/bracket_data.json and /home/janne/wc2026-bracket/bracket_data.js — 32 teams, 16 R32 matches
top Elo: France 2057, Spain 2057, Argentina 2049, Portugal 2009, England 1991, Japan 1971
published update
=== update 2026-06-29T21:00:01Z ===
  [API] remaining=475 cost=1
  [API] remaining=474 cost=1
odds_market.json: 16 fixtures · results.json: 1 decided · changed=True
wrote /home/janne/wc2026-bracket/bracket_data.json and /home/janne/wc2026-bracket/bracket_data.js — 32 teams, 16 R32 matches
top Elo: France 2058, Spain 2057, Argentina 2048, Portugal 2011, England 1991, Japan 1971
published update
=== update 2026-06-30T00:00:01Z ===
  [API] remaining=473 cost=1
  [API] remaining=472 cost=1
odds_market.json: 16 fixtures · results.json: 1 decided · changed=True
wrote /home/janne/wc2026-bracket/bracket_data.json and /home/janne/wc2026-bracket/bracket_data.js — 32 teams, 16 R32 matches
top Elo: Spain 2058, France 2054, Argentina 2049, Portugal 2011, England 1990, Japan 1971
published update
=== update 2026-06-30T03:00:01Z ===
  [API] remaining=471 cost=1
  [API] remaining=470 cost=1
odds_market.json: 16 fixtures · results.json: 1 decided · changed=True
wrote /home/janne/wc2026-bracket/bracket_data.json and /home/janne/wc2026-bracket/bracket_data.js — 32 teams, 16 R32 matches
top Elo: Spain 2058, France 2052, Argentina 2048, Portugal 2011, England 1992, Japan 1971
published update
=== update 2026-06-30T06:00:01Z ===
  [API] remaining=469 cost=1
  [API] remaining=468 cost=1
odds_market.json: 16 fixtures · results.json: 1 decided · changed=True
wrote /home/janne/wc2026-bracket/bracket_data.json and /home/janne/wc2026-bracket/bracket_data.js — 32 teams, 16 R32 matches
top Elo: Spain 2055, France 2051, Argentina 2048, Portugal 2010, England 1992, Japan 1971
published update
